2025-11-02 17:21:43,604 - INFO - Output directory: /home/kali/reconpipe/out
2025-11-02 17:21:43,604 - INFO - Loaded 2 targets from targets.txt
2025-11-02 17:21:43,604 - INFO - ================================================================================
2025-11-02 17:21:43,604 - INFO - RECONNAISSANCE PIPELINE STARTING
2025-11-02 17:21:43,604 - INFO - ================================================================================
2025-11-02 17:21:43,604 - INFO - Running as root, privileged scans allowed
2025-11-02 17:21:43,604 - INFO - 
[Phase 1/3] Skipping Masscan
2025-11-02 17:21:43,604 - INFO - 
================================================================================
2025-11-02 17:21:43,604 - INFO - [Phase 2/3] NMAP - Detailed Service Detection
2025-11-02 17:21:43,604 - INFO - ================================================================================
2025-11-02 17:21:43,604 - WARNING - No hosts from Masscan, scanning original targets
2025-11-02 17:21:43,604 - INFO - Scanning 1 hosts with Nmap
2025-11-02 17:21:43,610 - INFO - Starting Nmap scans on 1 target(s)
2025-11-02 17:21:43,610 - INFO - Scanning 10.0.3.0/24 with Nmap...
2025-11-02 17:21:43,611 - DEBUG - Running: nmap -sV -sC -O -T4 --open -oX out/nmap/nmap_10_0_3_0_24.xml -oN out/nmap/nmap_10_0_3_0_24.txt -oA out/nmap/nmap_10_0_3_0_24 10.0.3.0/24
2025-11-02 17:23:27,065 - WARNING - No host elements in XML (no results): out/nmap/nmap_10_0_3_0_24.xml
2025-11-02 17:23:27,065 - WARNING -    ✗ 10.0.3.0/24: No results
2025-11-02 17:23:27,066 - INFO - Nmap completed scanning 0/1 hosts
2025-11-02 17:23:27,066 - INFO - ✓ Nmap scanned 0 hosts
2025-11-02 17:23:27,066 - INFO - 
================================================================================
2025-11-02 17:23:27,066 - INFO - [Phase 3/3] THEHARVESTER - OSINT Collection
2025-11-02 17:23:27,066 - INFO - ================================================================================
2025-11-02 17:23:27,066 - INFO - Harvesting OSINT for 1 domains
2025-11-02 17:23:27,402 - INFO - Starting theHarvester on 1 domain(s)
2025-11-02 17:23:27,402 - INFO - Sources: all
2025-11-02 17:23:27,402 - INFO - Harvesting hackthissite.org...
2025-11-02 17:23:27,403 - DEBUG - Running: theHarvester -d hackthissite.org -b all -f out/harvester/harvester_hackthissite_org
2025-11-02 17:25:05,631 - DEBUG - Parsed JSON output for hackthissite.org
2025-11-02 17:25:05,633 - INFO -   Found for hackthissite.org:
2025-11-02 17:25:05,633 - INFO -     - 3 emails
2025-11-02 17:25:05,633 - INFO -     - 219 hosts/subdomains
2025-11-02 17:25:05,633 - INFO -     - 0 IPs
2025-11-02 17:25:05,633 - INFO -   ✓ hackthissite.org: 222 items found
2025-11-02 17:25:05,633 - INFO - theHarvester completed for 1/1 domains
2025-11-02 17:25:05,633 - INFO - ✓ theHarvester collected data for 1 domains
2025-11-02 17:25:05,634 - INFO - 
================================================================================
2025-11-02 17:25:05,634 - INFO - [Aggregation] Combining Results
2025-11-02 17:25:05,634 - INFO - ================================================================================
2025-11-02 17:25:05,634 - INFO - Aggregating reconnaissance data...
2025-11-02 17:25:05,634 - DEBUG - No Masscan data to process
2025-11-02 17:25:05,634 - DEBUG - No Nmap data to process
2025-11-02 17:25:05,634 - INFO - Processing theHarvester results...
2025-11-02 17:25:05,634 - INFO - Processing 1 harvester results...
2025-11-02 17:25:05,634 - DEBUG - Processing domain: hackthissite.org
2025-11-02 17:25:05,634 - DEBUG -   Added domain hackthissite.org with 3 emails
2025-11-02 17:25:05,634 - INFO - Processed 1 domains into inventory
2025-11-02 17:25:05,634 - INFO - Generating summary statistics...
2025-11-02 17:25:05,634 - INFO - ✓ Saved JSON inventory: out/inventory.json
2025-11-02 17:25:05,634 - INFO - ✓ Saved CSV inventory: out/inventory.csv
2025-11-02 17:25:05,635 - INFO - ✓ Saved summary report: out/summary_report.txt
2025-11-02 17:25:05,635 - INFO - 
================================================================================
2025-11-02 17:25:05,635 - INFO - PIPELINE COMPLETE
2025-11-02 17:25:05,635 - INFO - ================================================================================
2025-11-02 17:25:05,635 - INFO - Duration: 0:03:22.030677
2025-11-02 17:25:05,635 - INFO - Results location: /home/kali/reconpipe/out
2025-11-02 17:25:05,635 - INFO - ================================================================================
2025-11-02 17:30:30,048 - INFO - Output directory: /home/kali/reconpipe/out
2025-11-02 17:30:30,048 - INFO - Loaded 2 targets from targets.txt
2025-11-02 17:30:30,048 - INFO - ================================================================================
2025-11-02 17:30:30,048 - INFO - RECONNAISSANCE PIPELINE STARTING
2025-11-02 17:30:30,048 - INFO - ================================================================================
2025-11-02 17:30:30,048 - INFO - Running as root, privileged scans allowed
2025-11-02 17:30:30,049 - INFO - 
[Phase 1/3] Skipping Masscan
2025-11-02 17:30:30,049 - INFO - 
================================================================================
2025-11-02 17:30:30,049 - INFO - [Phase 2/3] NMAP - Detailed Service Detection
2025-11-02 17:30:30,049 - INFO - ================================================================================
2025-11-02 17:30:30,049 - WARNING - No hosts from Masscan, scanning original targets
2025-11-02 17:30:30,049 - INFO - Scanning 1 hosts with Nmap
2025-11-02 17:30:30,054 - INFO - Starting Nmap scans on 1 target(s)
2025-11-02 17:30:30,054 - INFO - Scanning 10.0.3.0/24 with Nmap...
2025-11-02 17:30:30,055 - DEBUG - Running: nmap -sV -sC -O -T4 --open -oX out/nmap/nmap_10_0_3_0_24.xml -oN out/nmap/nmap_10_0_3_0_24.txt -oA out/nmap/nmap_10_0_3_0_24 10.0.3.0/24
2025-11-02 17:35:39,915 - INFO - Parsed 5 hosts from nmap_10_0_3_0_24.xml
2025-11-02 17:35:39,915 - INFO -    ✓ 10.0.3.0/24: Parsed 5 host(s) from nmap_10_0_3_0_24.xml
2025-11-02 17:35:39,916 - INFO - Nmap completed scanning 5/1 hosts
2025-11-02 17:35:39,916 - INFO - ✓ Nmap scanned 5 hosts
2025-11-02 17:35:39,916 - INFO - 
================================================================================
2025-11-02 17:35:39,916 - INFO - [Phase 3/3] THEHARVESTER - OSINT Collection
2025-11-02 17:35:39,916 - INFO - ================================================================================
2025-11-02 17:35:39,916 - INFO - Harvesting OSINT for 1 domains
2025-11-02 17:35:40,259 - INFO - Starting theHarvester on 1 domain(s)
2025-11-02 17:35:40,259 - INFO - Sources: all
2025-11-02 17:35:40,259 - INFO - Harvesting hackthissite.org...
2025-11-02 17:35:40,259 - DEBUG - Running: theHarvester -d hackthissite.org -b all -f out/harvester/harvester_hackthissite_org
2025-11-02 17:37:04,634 - DEBUG - Parsed JSON output for hackthissite.org
2025-11-02 17:37:04,636 - INFO -   Found for hackthissite.org:
2025-11-02 17:37:04,636 - INFO -     - 2 emails
2025-11-02 17:37:04,636 - INFO -     - 219 hosts/subdomains
2025-11-02 17:37:04,636 - INFO -     - 0 IPs
2025-11-02 17:37:04,636 - INFO -   ✓ hackthissite.org: 221 items found
2025-11-02 17:37:04,637 - INFO - theHarvester completed for 1/1 domains
2025-11-02 17:37:04,637 - INFO - ✓ theHarvester collected data for 1 domains
2025-11-02 17:37:04,637 - INFO - 
================================================================================
2025-11-02 17:37:04,637 - INFO - [Aggregation] Combining Results
2025-11-02 17:37:04,637 - INFO - ================================================================================
2025-11-02 17:37:04,637 - INFO - Aggregating reconnaissance data...
2025-11-02 17:37:04,637 - DEBUG - No Masscan data to process
2025-11-02 17:37:04,637 - INFO - Processing Nmap results...
2025-11-02 17:37:04,637 - INFO - Processing theHarvester results...
2025-11-02 17:37:04,637 - INFO - Processing 1 harvester results...
2025-11-02 17:37:04,637 - DEBUG - Processing domain: hackthissite.org
2025-11-02 17:37:04,637 - DEBUG -   Added domain hackthissite.org with 2 emails
2025-11-02 17:37:04,637 - INFO - Processed 1 domains into inventory
2025-11-02 17:37:04,637 - INFO - Generating summary statistics...
2025-11-02 17:37:04,638 - INFO - ✓ Saved JSON inventory: out/inventory.json
2025-11-02 17:37:04,638 - INFO - ✓ Saved CSV inventory: out/inventory.csv
2025-11-02 17:37:04,638 - INFO - ✓ Saved summary report: out/summary_report.txt
2025-11-02 17:37:04,639 - INFO - 
================================================================================
2025-11-02 17:37:04,639 - INFO - PIPELINE COMPLETE
2025-11-02 17:37:04,639 - INFO - ================================================================================
2025-11-02 17:37:04,639 - INFO - Duration: 0:06:34.590112
2025-11-02 17:37:04,639 - INFO - Results location: /home/kali/reconpipe/out
2025-11-02 17:37:04,639 - INFO - ================================================================================
